/opt/ros/melodic/share/catkin/cmake/em/order_packages.cmake.em:23: error: <class 'OSError'>: Path "/root/crs_ws_fanuc/install/fanuc_driver/share/fanuc_driver" is neither a directory containing a "package.xml" file nor a file
Traceback (most recent call last):
  File "/usr/bin/empy", line 3302, in <module>
    if __name__ == '__main__': main()
  File "/usr/bin/empy", line 3300, in main
    invoke(sys.argv[1:])
  File "/usr/bin/empy", line 3283, in invoke
    interpreter.wrap(interpreter.file, (file, name))
  File "/usr/bin/empy", line 2295, in wrap
    self.fail(e)
  File "/usr/bin/empy", line 2284, in wrap
    callable(*args)
  File "/usr/bin/empy", line 2359, in file
    self.safe(scanner, done, locals)
  File "/usr/bin/empy", line 2401, in safe
    self.parse(scanner, locals)
  File "/usr/bin/empy", line 2421, in parse
    token.run(self, locals)
  File "/usr/bin/empy", line 1425, in run
    interpreter.execute(self.code, locals)
  File "/usr/bin/empy", line 2595, in execute
    _exec(statements, self.globals, locals)
  File "<string>", line 17, in <module>
  File "/usr/lib/python3/dist-packages/catkin_pkg/topological_order.py", line 147, in topological_order
    for path, package in find_packages(space).items():
  File "/usr/lib/python3/dist-packages/catkin_pkg/packages.py", line 87, in find_packages
    packages = find_packages_allowing_duplicates(basepath, exclude_paths=exclude_paths, exclude_subspaces=exclude_subspaces, warnings=warnings)
  File "/usr/lib/python3/dist-packages/catkin_pkg/packages.py", line 127, in find_packages_allowing_duplicates
    xmls[path] = _get_package_xml(os.path.join(basepath, path))
  File "/usr/lib/python3/dist-packages/catkin_pkg/package.py", line 502, in _get_package_xml
    raise IOError('Path "%s" is neither a directory containing a "%s" file nor a file' % (path, PACKAGE_MANIFEST_FILENAME))
OSError: Path "/root/crs_ws_fanuc/install/fanuc_driver/share/fanuc_driver" is neither a directory containing a "package.xml" file nor a file
CMake Error at /opt/ros/melodic/share/catkin/cmake/safe_execute_process.cmake:11 (message):
  
  execute_process(/root/crs_ws_fanuc/build/Project/catkin_generated/env_cached.sh
  "/usr/bin/python3" "/usr/bin/empy" "--raw-errors" "-F"
  "/root/crs_ws_fanuc/build/Project/catkin_generated/order_packages.py" "-o"
  "/root/crs_ws_fanuc/build/Project/catkin_generated/order_packages.cmake"
  "/opt/ros/melodic/share/catkin/cmake/em/order_packages.cmake.em") returned
  error code 1
Call Stack (most recent call first):
  /opt/ros/melodic/share/catkin/cmake/em_expand.cmake:25 (safe_execute_process)
  /opt/ros/melodic/share/catkin/cmake/catkin_workspace.cmake:35 (em_expand)
  CMakeLists.txt:69 (catkin_workspace)


