[0.022s] Invoking command in '/root/crs_ws_fanuc/build/Project': /usr/bin/cmake /root/crs_ws_fanuc/src -G CodeBlocks - Unix Makefiles -DCMAKE_BUILD_TYPE=Debug -DCMAKE_INSTALL_PREFIX=/root/crs_ws_fanuc/install/Project
[0.292s] -- Using CATKIN_DEVEL_PREFIX: /root/crs_ws_fanuc/build/Project/devel
[0.292s] -- Using CMAKE_PREFIX_PATH: /root/crs_ws/install/roscpp_scxml_demos;/root/crs_ws_fanuc/install/trajopt_tools;/root/crs_ws_fanuc/install/vhacd;/root/crs_ws_fanuc/install/crs_gui;/root/crs_ws_fanuc/install/crs_application;/root/crs_ws_fanuc/install/crs_motion_planning;/root/crs_ws_fanuc/install/ur_ikfast_kinematics;/root/crs_ws_fanuc/install/crs_robot_comms;/root/crs_ws_fanuc/install/trajopt_sqp;/root/crs_ws_fanuc/install/trajopt_ifopt;/root/crs_ws_fanuc/install/tesseract_monitoring;/root/crs_ws_fanuc/install/tesseract_rosutils;/root/crs_ws_fanuc/install/tesseract_process_planners;/root/crs_ws_fanuc/install/tesseract_motion_planners;/root/crs_ws_fanuc/install/trajopt;/root/crs_ws_fanuc/install/trajopt_sco;/root/crs_ws_fanuc/install/tesseract_visualization;/root/crs_ws_fanuc/install/tesseract;/root/crs_ws_fanuc/install/tesseract_urdf;/root/crs_ws_fanuc/install/tesseract_plugins;/root/crs_ws_fanuc/install/tesseract_environment;/root/crs_ws_fanuc/install/tesseract_collision;/root/crs_ws_fanuc/install/tesseract_support;/root/crs_ws_fanuc/install/tesseract_kinematics;/root/crs_ws_fanuc/install/tesseract_scene_graph;/root/crs_ws_fanuc/install/tesseract_geometry;/root/crs_ws_fanuc/install/roscpp_scxml_demos;/root/crs_ws_fanuc/install/rclcpp_scxml_demos;/root/crs_ws_fanuc/install/region_detection_rclcpp;/root/crs_ws_fanuc/install/osqp_eigen;/root/crs_ws_fanuc/install/osqp;/root/crs_ws_fanuc/install/descartes_opw;/root/crs_ws_fanuc/install/fcl;/root/crs_ws_fanuc/install/fanuc_resources;/root/crs_ws_fanuc/install/fanuc_r2000ic_moveit_config;/root/crs_ws_fanuc/install/fanuc_r2000ic_moveit_plugins;/root/crs_ws_fanuc/install/descartes_ikfast;/root/crs_ws_fanuc/install/crs_perception;/root/crs_ws_fanuc/install/crs_gazebo_plugins;/root/crs_ws_fanuc/install/bullet3;/root/crs_ws_fanuc/install/ur_dashboard_msgs;/root/crs_ws_fanuc/install/tesseract_msgs;/root/crs_ws_fanuc/install/region_detection_msgs;/root/crs_ws_fanuc/install/libccd;/root/crs_ws_fanuc/install/ifopt;/root/crs_ws_fanuc/install/fanuc_r2000ic_support;/root/crs_ws_fanuc/install/fanuc_driver;/root/crs_ws_fanuc/install/crs_toolpath_gen;/root/crs_ws_fanuc/install/crs_support;/root/crs_ws_fanuc/install/crs_process_data;/root/crs_ws_fanuc/install/crs_area_selection;/root/crs_ws_fanuc/install/crs_msgs;/root/crs_ws_fanuc/install/trajopt_utils;/root/crs_ws_fanuc/install/tesseract_common;/root/crs_ws_fanuc/install/scxml_core;/root/crs_ws_fanuc/install/region_detection_core;/root/crs_ws_fanuc/install/opw_kinematics;/root/crs_ws_fanuc/install/octomap_msgs;/root/crs_ws_fanuc/install/iterative_spline_parameterization;/root/crs_ws_fanuc/install/industrial_msgs;/root/crs_ws_fanuc/install/gtest;/root/crs_ws_fanuc/install/descartes_samplers;/root/crs_ws_fanuc/install/descartes_light;/root/crs_ws_fanuc/install/cartesian_trajectory_msgs;/opt/ros/melodic;/root/crs_ws/install/trajopt_tools;/root/crs_ws/install/vhacd;/root/crs_ws/install/crs_gui;/root/crs_ws/install/crs_application;/root/crs_ws/install/crs_motion_planning;/root/crs_ws/install/ur_ikfast_kinematics;/root/crs_ws/install/crs_robot_comms;/root/crs_ws/install/ur_dashboard_msgs;/root/crs_ws/install/trajopt_sqp;/root/crs_ws/install/trajopt_ifopt;/root/crs_ws/install/tesseract_monitoring;/root/crs_ws/install/tesseract_rosutils;/root/crs_ws/install/tesseract_process_planners;/root/crs_ws/install/tesseract_motion_planners;/root/crs_ws/install/trajopt;/root/crs_ws/install/trajopt_sco;/root/crs_ws/install/trajopt_utils;/root/crs_ws/install/tesseract_visualization;/root/crs_ws/install/tesseract;/root/crs_ws/install/tesseract_urdf;/root/crs_ws/install/tesseract_plugins;/root/crs_ws/install/tesseract_environment;/root/crs_ws/install/tesseract_collision;/root/crs_ws/install/tesseract_support;/root/crs_ws/install/tesseract_kinematics;/root/crs_ws/install/tesseract_scene_graph;/root/crs_ws/install/tesseract_msgs;/root/crs_ws/install/tesseract_geometry;/root/crs_ws/install/tesseract_common;/root/crs_ws/install/rclcpp_scxml_demos;/root/crs_ws/install/scxml_core;/root/crs_ws/install/region_detection_rclcpp;/root/crs_ws/install/region_detection_msgs;/root/crs_ws/install/region_detection_core;/root/crs_ws/install/osqp_eigen;/root/crs_ws/install/osqp;/root/crs_ws/install/descartes_opw;/root/crs_ws/install/opw_kinematics;/root/crs_ws/install/octomap_msgs;/root/crs_ws/install/fcl;/root/crs_ws/install/libccd;/root/crs_ws/install/iterative_spline_parameterization;/root/crs_ws/install/ifopt;/root/crs_ws/install/gtest;/root/crs_ws/install/descartes_samplers;/root/crs_ws/install/descartes_ikfast;/root/crs_ws/install/descartes_light;/root/crs_ws/install/crs_toolpath_gen;/root/crs_ws/install/crs_support;/root/crs_ws/install/crs_process_data;/root/crs_ws/install/crs_perception;/root/crs_ws/install/crs_area_selection;/root/crs_ws/install/crs_msgs;/root/crs_ws/install/crs_gazebo_plugins;/root/crs_ws/install/cartesian_trajectory_msgs;/root/crs_ws/install/bullet3;/opt/qt513/lib/cmake;
[0.293s] -- This workspace overlays: /root/crs_ws/install/roscpp_scxml_demos;/root/crs_ws_fanuc/install/roscpp_scxml_demos;/root/crs_ws_fanuc/install/fanuc_resources;/root/crs_ws_fanuc/install/fanuc_r2000ic_moveit_config;/root/crs_ws_fanuc/install/fanuc_r2000ic_moveit_plugins;/root/crs_ws_fanuc/install/fanuc_r2000ic_support;/root/crs_ws_fanuc/install/fanuc_driver;/opt/ros/melodic
[0.338s] -- Found PythonInterp: /usr/bin/python3 (found suitable version "3.6.9", minimum required is "3") 
[0.338s] -- Using PYTHON_EXECUTABLE: /usr/bin/python3
[0.338s] -- Using Debian Python package layout
[0.338s] -- Using empy: /usr/bin/empy
[0.489s] -- Using CATKIN_ENABLE_TESTING: ON
[0.489s] -- Call enable_testing()
[0.490s] -- Using CATKIN_TEST_RESULTS_DIR: /root/crs_ws_fanuc/build/Project/test_results
[0.532s] -- Forcing gtest/gmock from source, though one was otherwise available.
[0.532s] -- Found gtest sources under '/usr/src/googletest': gtests will be built
[0.532s] -- Found gmock sources under '/usr/src/googletest': gmock will be built
[0.574s] -- Found PythonInterp: /usr/bin/python3 (found version "3.6.9") 
[0.579s] -- Using Python nosetests: /usr/bin/nosetests
[0.652s] -- catkin 0.7.29
[0.652s] -- BUILD_SHARED_LIBS is on
[0.846s] -- BUILD_SHARED_LIBS is on
[1.076s] /opt/ros/melodic/share/catkin/cmake/em/order_packages.cmake.em:23: error: <class 'OSError'>: Path "/root/crs_ws_fanuc/install/fanuc_driver/share/fanuc_driver" is neither a directory containing a "package.xml" file nor a file
[1.079s] Traceback (most recent call last):
[1.080s]   File "/usr/bin/empy", line 3302, in <module>
[1.080s]     if __name__ == '__main__': main()
[1.080s]   File "/usr/bin/empy", line 3300, in main
[1.080s]     invoke(sys.argv[1:])
[1.080s]   File "/usr/bin/empy", line 3283, in invoke
[1.080s]     interpreter.wrap(interpreter.file, (file, name))
[1.080s]   File "/usr/bin/empy", line 2295, in wrap
[1.080s]     self.fail(e)
[1.080s]   File "/usr/bin/empy", line 2284, in wrap
[1.080s]     callable(*args)
[1.080s]   File "/usr/bin/empy", line 2359, in file
[1.080s]     self.safe(scanner, done, locals)
[1.080s]   File "/usr/bin/empy", line 2401, in safe
[1.080s]     self.parse(scanner, locals)
[1.080s]   File "/usr/bin/empy", line 2421, in parse
[1.080s]     token.run(self, locals)
[1.081s]   File "/usr/bin/empy", line 1425, in run
[1.081s]     interpreter.execute(self.code, locals)
[1.081s]   File "/usr/bin/empy", line 2595, in execute
[1.081s]     _exec(statements, self.globals, locals)
[1.081s]   File "<string>", line 17, in <module>
[1.081s]   File "/usr/lib/python3/dist-packages/catkin_pkg/topological_order.py", line 147, in topological_order
[1.081s]     for path, package in find_packages(space).items():
[1.081s]   File "/usr/lib/python3/dist-packages/catkin_pkg/packages.py", line 87, in find_packages
[1.081s]     packages = find_packages_allowing_duplicates(basepath, exclude_paths=exclude_paths, exclude_subspaces=exclude_subspaces, warnings=warnings)
[1.081s]   File "/usr/lib/python3/dist-packages/catkin_pkg/packages.py", line 127, in find_packages_allowing_duplicates
[1.081s]     xmls[path] = _get_package_xml(os.path.join(basepath, path))
[1.081s]   File "/usr/lib/python3/dist-packages/catkin_pkg/package.py", line 502, in _get_package_xml
[1.081s]     raise IOError('Path "%s" is neither a directory containing a "%s" file nor a file' % (path, PACKAGE_MANIFEST_FILENAME))
[1.081s] OSError: Path "/root/crs_ws_fanuc/install/fanuc_driver/share/fanuc_driver" is neither a directory containing a "package.xml" file nor a file
[1.087s] CMake Error at /opt/ros/melodic/share/catkin/cmake/safe_execute_process.cmake:11 (message):
[1.087s]   
[1.087s]   execute_process(/root/crs_ws_fanuc/build/Project/catkin_generated/env_cached.sh
[1.087s]   "/usr/bin/python3" "/usr/bin/empy" "--raw-errors" "-F"
[1.087s]   "/root/crs_ws_fanuc/build/Project/catkin_generated/order_packages.py" "-o"
[1.088s]   "/root/crs_ws_fanuc/build/Project/catkin_generated/order_packages.cmake"
[1.088s]   "/opt/ros/melodic/share/catkin/cmake/em/order_packages.cmake.em") returned
[1.088s]   error code 1
[1.088s] Call Stack (most recent call first):
[1.088s]   /opt/ros/melodic/share/catkin/cmake/em_expand.cmake:25 (safe_execute_process)
[1.088s]   /opt/ros/melodic/share/catkin/cmake/catkin_workspace.cmake:35 (em_expand)
[1.088s]   CMakeLists.txt:69 (catkin_workspace)
[1.088s] 
[1.088s] 
[1.088s] -- Configuring incomplete, errors occurred!
[1.088s] See also "/root/crs_ws_fanuc/build/Project/CMakeFiles/CMakeOutput.log".
[1.088s] See also "/root/crs_ws_fanuc/build/Project/CMakeFiles/CMakeError.log".
[1.090s] Invoked command in '/root/crs_ws_fanuc/build/Project' returned '1': /usr/bin/cmake /root/crs_ws_fanuc/src -G CodeBlocks - Unix Makefiles -DCMAKE_BUILD_TYPE=Debug -DCMAKE_INSTALL_PREFIX=/root/crs_ws_fanuc/install/Project
