[0.046s] Invoking command in '/root/crs_ws_fanuc/build/fanuc_r2000ic_support': /usr/bin/cmake /root/crs_ws_fanuc/src/collaborative-robotic-sanding/fanuc_r2000ic_support -DCATKIN_INSTALL_INTO_PREFIX_ROOT=0 -DCATKIN_SYMLINK_INSTALL=ON -DCMAKE_INSTALL_PREFIX=/root/crs_ws_fanuc/install/fanuc_r2000ic_support
[0.074s] -- Using CATKIN_DEVEL_PREFIX: /root/crs_ws_fanuc/build/fanuc_r2000ic_support/devel
[0.074s] -- Using CMAKE_PREFIX_PATH: /root/crs_ws_fanuc/install/trajopt_tools;/root/crs_ws_fanuc/install/vhacd;/root/crs_ws_fanuc/install/crs_gui;/root/crs_ws_fanuc/install/crs_application;/root/crs_ws_fanuc/install/crs_motion_planning;/root/crs_ws_fanuc/install/ur_ikfast_kinematics;/root/crs_ws_fanuc/install/crs_robot_comms;/root/crs_ws_fanuc/install/ur_dashboard_msgs;/root/crs_ws_fanuc/install/trajopt_sqp;/root/crs_ws_fanuc/install/trajopt_ifopt;/root/crs_ws_fanuc/install/tesseract_monitoring;/root/crs_ws_fanuc/install/tesseract_rosutils;/root/crs_ws_fanuc/install/tesseract_process_planners;/root/crs_ws_fanuc/install/tesseract_motion_planners;/root/crs_ws_fanuc/install/trajopt;/root/crs_ws_fanuc/install/trajopt_sco;/root/crs_ws_fanuc/install/trajopt_utils;/root/crs_ws_fanuc/install/tesseract_visualization;/root/crs_ws_fanuc/install/tesseract;/root/crs_ws_fanuc/install/tesseract_urdf;/root/crs_ws_fanuc/install/tesseract_plugins;/root/crs_ws_fanuc/install/tesseract_environment;/root/crs_ws_fanuc/install/tesseract_collision;/root/crs_ws_fanuc/install/tesseract_support;/root/crs_ws_fanuc/install/tesseract_kinematics;/root/crs_ws_fanuc/install/tesseract_scene_graph;/root/crs_ws_fanuc/install/tesseract_msgs;/root/crs_ws_fanuc/install/tesseract_geometry;/root/crs_ws_fanuc/install/tesseract_common;/root/crs_ws_fanuc/install/roscpp_scxml_demos;/root/crs_ws_fanuc/install/rclcpp_scxml_demos;/root/crs_ws_fanuc/install/scxml_core;/root/crs_ws_fanuc/install/region_detection_rclcpp;/root/crs_ws_fanuc/install/region_detection_msgs;/root/crs_ws_fanuc/install/region_detection_core;/root/crs_ws_fanuc/install/osqp_eigen;/root/crs_ws_fanuc/install/osqp;/root/crs_ws_fanuc/install/descartes_opw;/root/crs_ws_fanuc/install/opw_kinematics;/root/crs_ws_fanuc/install/octomap_msgs;/root/crs_ws_fanuc/install/fcl;/root/crs_ws_fanuc/install/libccd;/root/crs_ws_fanuc/install/iterative_spline_parameterization;/root/crs_ws_fanuc/install/ifopt;/root/crs_ws_fanuc/install/gtest;/root/crs_ws_fanuc/install/fanuc_resources;/root/crs_ws_fanuc/install/fanuc_r2000ic_moveit_config;/root/crs_ws_fanuc/install/fanuc_r2000ic_support;/root/crs_ws_fanuc/install/fanuc_r2000ic_moveit_plugins;/root/crs_ws_fanuc/install/descartes_samplers;/root/crs_ws_fanuc/install/descartes_ikfast;/root/crs_ws_fanuc/install/descartes_light;/root/crs_ws_fanuc/install/crs_toolpath_gen;/root/crs_ws_fanuc/install/crs_support;/root/crs_ws_fanuc/install/crs_process_data;/root/crs_ws_fanuc/install/crs_perception;/root/crs_ws_fanuc/install/crs_area_selection;/root/crs_ws_fanuc/install/crs_msgs;/root/crs_ws_fanuc/install/crs_gazebo_plugins;/root/crs_ws_fanuc/install/cartesian_trajectory_msgs;/root/crs_ws_fanuc/install/bullet3;/opt/qt513/lib/cmake;
[0.083s] -- This workspace overlays: /root/crs_ws_fanuc/install/roscpp_scxml_demos;/root/crs_ws_fanuc/install/fanuc_resources;/root/crs_ws_fanuc/install/fanuc_r2000ic_moveit_config;/root/crs_ws_fanuc/install/fanuc_r2000ic_support;/root/crs_ws_fanuc/install/fanuc_r2000ic_moveit_plugins
[0.084s] -- Override CMake install command with custom implementation using symlinks instead of copying resources
[0.141s] -- Found PythonInterp: /usr/bin/python3 (found suitable version "3.6.9", minimum required is "3") 
[0.141s] -- Using PYTHON_EXECUTABLE: /usr/bin/python3
[0.141s] -- Using Debian Python package layout
[0.144s] -- Using empy: /usr/bin/empy
[0.376s] -- Using CATKIN_ENABLE_TESTING: ON
[0.376s] -- Call enable_testing()
[0.376s] -- Using CATKIN_TEST_RESULTS_DIR: /root/crs_ws_fanuc/build/fanuc_r2000ic_support/test_results
[0.421s] -- Forcing gtest/gmock from source, though one was otherwise available.
[0.421s] -- Found gtest sources under '/usr/src/googletest': gtests will be built
[0.422s] -- Found gmock sources under '/usr/src/googletest': gmock will be built
[0.480s] -- Found PythonInterp: /usr/bin/python3 (found version "3.6.9") 
[0.490s] -- Using Python nosetests: /usr/bin/nosetests
[0.589s] -- catkin 0.7.29
[0.590s] -- BUILD_SHARED_LIBS is on
[0.655s] Traceback (most recent call last):
[0.655s]   File "/root/crs_ws_fanuc/build/fanuc_r2000ic_support/catkin_generated/generate_cached_setup.py", line 12, in <module>
[0.655s]     from catkin.environment_cache import generate_environment_script
[0.655s] ModuleNotFoundError: No module named 'catkin'
[0.656s] 
[0.656s] During handling of the above exception, another exception occurred:
[0.656s] 
[0.656s] Traceback (most recent call last):
[0.656s]   File "/root/crs_ws_fanuc/build/fanuc_r2000ic_support/catkin_generated/generate_cached_setup.py", line 20, in <module>
[0.656s]     from catkin.environment_cache import generate_environment_script
[0.656s] ModuleNotFoundError: No module named 'catkin'
[0.659s] CMake Error at /opt/ros/melodic/share/catkin/cmake/safe_execute_process.cmake:11 (message):
[0.659s]   execute_process(/usr/bin/python3
[0.660s]   "/root/crs_ws_fanuc/build/fanuc_r2000ic_support/catkin_generated/generate_cached_setup.py")
[0.660s]   returned error code 1
[0.660s] Call Stack (most recent call first):
[0.660s]   /opt/ros/melodic/share/catkin/cmake/all.cmake:208 (safe_execute_process)
[0.660s]   /opt/ros/melodic/share/catkin/cmake/catkinConfig.cmake:20 (include)
[0.660s]   CMakeLists.txt:5 (find_package)
[0.660s] 
[0.660s] 
[0.664s] -- Configuring incomplete, errors occurred!
[0.664s] See also "/root/crs_ws_fanuc/build/fanuc_r2000ic_support/CMakeFiles/CMakeOutput.log".
[0.664s] See also "/root/crs_ws_fanuc/build/fanuc_r2000ic_support/CMakeFiles/CMakeError.log".
[0.665s] Invoked command in '/root/crs_ws_fanuc/build/fanuc_r2000ic_support' returned '1': /usr/bin/cmake /root/crs_ws_fanuc/src/collaborative-robotic-sanding/fanuc_r2000ic_support -DCATKIN_INSTALL_INTO_PREFIX_ROOT=0 -DCATKIN_SYMLINK_INSTALL=ON -DCMAKE_INSTALL_PREFIX=/root/crs_ws_fanuc/install/fanuc_r2000ic_support
